[ 2025-09-28 15:37:18,434 ] 1025 httpx - INFO - HTTP Request: GET https://dagshub.com/api/v1/user "HTTP/1.1 200 OK"
[ 2025-09-28 15:37:18,442 ] 107 dagshub - INFO - Accessing as Vk18-jpg
[ 2025-09-28 15:37:18,943 ] 1025 httpx - INFO - HTTP Request: GET https://dagshub.com/api/v1/repos/Vk18-jpg/Network_Security "HTTP/1.1 200 OK"
[ 2025-09-28 15:37:19,344 ] 1025 httpx - INFO - HTTP Request: GET https://dagshub.com/api/v1/user "HTTP/1.1 200 OK"
[ 2025-09-28 15:37:19,347 ] 107 dagshub - INFO - Initialized MLflow to track repo "Vk18-jpg/Network_Security"
[ 2025-09-28 15:37:19,347 ] 107 dagshub - INFO - Repository Vk18-jpg/Network_Security initialized!
[ 2025-09-28 15:37:25,292 ] 42 root - INFO - Start data Ingestion
[ 2025-09-28 15:37:27,504 ] 65 root - INFO - Performed train test split on the dataframe
[ 2025-09-28 15:37:27,504 ] 67 root - INFO - Exited split_data_as_train_test method of Data_Ingestion class
[ 2025-09-28 15:37:27,505 ] 75 root - INFO - Exporting train and test file path.
[ 2025-09-28 15:37:27,630 ] 84 root - INFO - Exported train and test file path.
[ 2025-09-28 15:37:27,631 ] 45 root - INFO - Data Ingestion completed and artifact: DataIngestionArtifact(trained_file_path='Artifacts\\09_28_2025_15_37_13\\data_ingestion\\ingested\\train.csv', test_file_path='Artifacts\\09_28_2025_15_37_13\\data_ingestion\\ingested\\test.csv')
[ 2025-09-28 15:37:27,657 ] 55 root - INFO - Initiate the data Validation
[ 2025-09-28 15:37:27,788 ] 32 root - INFO - Required number of columns:2
[ 2025-09-28 15:37:27,789 ] 33 root - INFO - Data frame has columns:31
[ 2025-09-28 15:37:27,789 ] 32 root - INFO - Required number of columns:2
[ 2025-09-28 15:37:27,789 ] 33 root - INFO - Data frame has columns:31
[ 2025-09-28 15:37:28,132 ] 63 root - INFO - Entered initiate_data_transformation method of DataTransformation class
[ 2025-09-28 15:37:28,132 ] 65 root - INFO - Starting data transformation
[ 2025-09-28 15:37:28,168 ] 48 root - INFO - Entered get_data_trnasformer_object method of Trnasformation class
[ 2025-09-28 15:37:28,168 ] 53 root - INFO - Initialise KNNImputer with {'missing_values': nan, 'n_neighbors': 3, 'weights': 'uniform'}
[ 2025-09-28 15:37:28,187 ] 46 root - INFO - Entered the save_object method of MainUtils class
[ 2025-09-28 15:37:28,191 ] 50 root - INFO - Exited the save_object method of MainUtils class
[ 2025-09-28 15:37:28,192 ] 46 root - INFO - Entered the save_object method of MainUtils class
[ 2025-09-28 15:37:28,195 ] 50 root - INFO - Exited the save_object method of MainUtils class
