[ 2025-09-28 15:59:05,552 ] 1025 httpx - INFO - HTTP Request: GET https://dagshub.com/api/v1/user "HTTP/1.1 200 OK"
[ 2025-09-28 15:59:05,567 ] 107 dagshub - INFO - Accessing as Vk18-jpg
[ 2025-09-28 15:59:06,022 ] 1025 httpx - INFO - HTTP Request: GET https://dagshub.com/api/v1/repos/Vk18-jpg/Network_Security "HTTP/1.1 200 OK"
[ 2025-09-28 15:59:06,421 ] 1025 httpx - INFO - HTTP Request: GET https://dagshub.com/api/v1/user "HTTP/1.1 200 OK"
[ 2025-09-28 15:59:06,424 ] 107 dagshub - INFO - Initialized MLflow to track repo "Vk18-jpg/Network_Security"
[ 2025-09-28 15:59:06,425 ] 107 dagshub - INFO - Repository Vk18-jpg/Network_Security initialized!
[ 2025-09-28 16:00:11,633 ] 42 root - INFO - Start data Ingestion
[ 2025-09-28 16:00:17,128 ] 65 root - INFO - Performed train test split on the dataframe
[ 2025-09-28 16:00:17,129 ] 67 root - INFO - Exited split_data_as_train_test method of Data_Ingestion class
[ 2025-09-28 16:00:17,129 ] 75 root - INFO - Exporting train and test file path.
[ 2025-09-28 16:00:17,260 ] 84 root - INFO - Exported train and test file path.
[ 2025-09-28 16:00:17,261 ] 45 root - INFO - Data Ingestion completed and artifact: DataIngestionArtifact(trained_file_path='Artifacts\\09_28_2025_15_59_01\\data_ingestion\\ingested\\train.csv', test_file_path='Artifacts\\09_28_2025_15_59_01\\data_ingestion\\ingested\\test.csv')
[ 2025-09-28 16:00:17,279 ] 55 root - INFO - Initiate the data Validation
[ 2025-09-28 16:00:17,415 ] 32 root - INFO - Required number of columns:2
[ 2025-09-28 16:00:17,415 ] 33 root - INFO - Data frame has columns:31
[ 2025-09-28 16:00:17,415 ] 32 root - INFO - Required number of columns:2
[ 2025-09-28 16:00:17,415 ] 33 root - INFO - Data frame has columns:31
[ 2025-09-28 16:00:17,767 ] 63 root - INFO - Entered initiate_data_transformation method of DataTransformation class
[ 2025-09-28 16:00:17,767 ] 65 root - INFO - Starting data transformation
[ 2025-09-28 16:00:17,818 ] 48 root - INFO - Entered get_data_trnasformer_object method of Trnasformation class
[ 2025-09-28 16:00:17,818 ] 53 root - INFO - Initialise KNNImputer with {'missing_values': nan, 'n_neighbors': 3, 'weights': 'uniform'}
[ 2025-09-28 16:00:17,843 ] 46 root - INFO - Entered the save_object method of MainUtils class
[ 2025-09-28 16:00:17,848 ] 50 root - INFO - Exited the save_object method of MainUtils class
[ 2025-09-28 16:00:17,849 ] 46 root - INFO - Entered the save_object method of MainUtils class
[ 2025-09-28 16:00:17,854 ] 50 root - INFO - Exited the save_object method of MainUtils class
